<?xml version="1.0" encoding="UTF-8"?>
<testng-results skipped="0" failed="0" ignored="0" total="1" passed="1">
  <reporter-output>
  </reporter-output>
  <suite name="Regression Suite" duration-ms="22222" started-at="2018-04-05T04:41:13Z" finished-at="2018-04-05T04:41:35Z">
    <groups>
    </groups>
    <test name="Login Test" duration-ms="22222" started-at="2018-04-05T04:41:13Z" finished-at="2018-04-05T04:41:35Z">
      <class name="com.freecrm.qa.LoginTestCase.LoginTest">
        <test-method status="PASS" signature="setUp()[pri:0, instance:com.freecrm.qa.LoginTestCase.LoginTest@190a65e]" name="setUp" is-config="true" duration-ms="20306" started-at="2018-04-05T04:41:13Z" finished-at="2018-04-05T04:41:33Z">
          <reporter-output>
          </reporter-output>
        </test-method> <!-- setUp -->
        <test-method status="PASS" signature="verifyLoginPageLogo()[pri:1, instance:com.freecrm.qa.LoginTestCase.LoginTest@190a65e]" name="verifyLoginPageLogo" duration-ms="494" started-at="2018-04-05T04:41:33Z" finished-at="2018-04-05T04:41:34Z">
          <reporter-output>
          </reporter-output>
        </test-method> <!-- verifyLoginPageLogo -->
        <test-method status="PASS" signature="tearDown()[pri:0, instance:com.freecrm.qa.LoginTestCase.LoginTest@190a65e]" name="tearDown" is-config="true" duration-ms="1346" started-at="2018-04-05T04:41:34Z" finished-at="2018-04-05T04:41:35Z">
          <reporter-output>
          </reporter-output>
        </test-method> <!-- tearDown -->
      </class> <!-- com.freecrm.qa.LoginTestCase.LoginTest -->
    </test> <!-- Login Test -->
  </suite> <!-- Regression Suite -->
</testng-results>
